<?xml version="1.0" encoding="UTF-8"?>
<!-- Generated by org.testng.reporters.JUnitReportReporter -->
<testsuite skipped="0" hostname="LLITD01CC9FR72" name="com.qa.test.CRUD_Test" tests="4" failures="0" timestamp="04 Nov 2018 18:25:04 GMT" time="3.894" errors="0">
  <testcase name="addComputer" time="1.319" classname="com.qa.test.CRUD_Test"/>
  <testcase name="searchComputer" time="0.624" classname="com.qa.test.CRUD_Test"/>
  <testcase name="updateComputer" time="1.222" classname="com.qa.test.CRUD_Test"/>
  <testcase name="deleteComputer" time="0.729" classname="com.qa.test.CRUD_Test"/>
</testsuite> <!-- com.qa.test.CRUD_Test -->
