<?xml version="1.0" encoding="UTF-8"?>
<!-- Generated by org.testng.reporters.JUnitReportReporter -->
<testsuite skipped="0" hostname="LLITD01CC9FR72" name="com.qa.test.DemoClass" tests="4" failures="0" timestamp="04 Nov 2018 03:51:32 GMT" time="3.883" errors="0">
  <testcase name="addComputer" time="1.329" classname="com.qa.test.DemoClass"/>
  <testcase name="searchComputer" time="0.512" classname="com.qa.test.DemoClass"/>
  <testcase name="updateComputer" time="1.117" classname="com.qa.test.DemoClass"/>
  <testcase name="deleteComputer" time="0.925" classname="com.qa.test.DemoClass"/>
</testsuite> <!-- com.qa.test.DemoClass -->
